<?xml version="1.0" encoding="UTF-8"?>
<testng-results ignored="0" total="1" passed="1" failed="0" skipped="0">
  <reporter-output>
  </reporter-output>
  <suite started-at="2024-12-13T09:23:19 IST" name="Default suite" finished-at="2024-12-13T09:23:36 IST" duration-ms="17137">
    <groups>
    </groups>
    <test started-at="2024-12-13T09:23:19 IST" name="Default test" finished-at="2024-12-13T09:23:36 IST" duration-ms="17137">
      <class name="com.omrbranch.baseclass.DataDrivenConcept">
        <test-method signature="datadriven()[pri:0, instance:com.omrbranch.baseclass.DataDrivenConcept@37d4349f]" started-at="2024-12-13T09:23:19 IST" name="datadriven" finished-at="2024-12-13T09:23:36 IST" duration-ms="17106" status="PASS">
          <reporter-output>
          </reporter-output>
        </test-method> <!-- datadriven -->
      </class> <!-- com.omrbranch.baseclass.DataDrivenConcept -->
    </test> <!-- Default test -->
  </suite> <!-- Default suite -->
</testng-results>
